<?xml version="1.0" encoding="UTF-8"?>
<!-- Generated by org.testng.reporters.JUnitXMLReporter -->
<testsuite hostname="Sipl-70" ignored="1" name="TC_08_NewRequisition_Instance_1" tests="1" failures="0" timestamp="12 Mar 2019 10:19:38 GMT" time="81.287" errors="0">
  <testcase name="TC_008" time="80.24" classname="com.talentric.Test.CreateNewRequisition$CreateRequisition"/>
  <testcase name="TC_004" time="0.0" classname="com.talentric.Test.CreateNewRequisition$CreateRequisition">
    <ignored/>
  </testcase> <!-- TC_004 -->
</testsuite> <!-- TC_08_NewRequisition_Instance_1 -->
