<?xml version="1.0" encoding="UTF-8"?>
<!-- Generated by org.testng.reporters.JUnitXMLReporter -->
<testsuite hostname="Sipl-70" ignored="0" name="TC_04_NewRequisition_Instance_1" tests="5" failures="0" timestamp="02 Apr 2019 11:57:26 GMT" time="307.609" errors="0">
  <testcase name="TC_004" time="58.12" classname="com.talentric.Test.CreateNewRequisition$CreateRequisition"/>
  <testcase name="TC_008" time="61.437" classname="com.talentric.Test.CreateNewRequisition$CreateRequisition"/>
  <testcase name="TC_009" time="61.504" classname="com.talentric.Test.CreateNewRequisition$CreateRequisition"/>
  <testcase name="TC_010" time="63.725" classname="com.talentric.Test.CreateNewRequisition$CreateRequisition"/>
  <testcase name="TC_011" time="62.817" classname="com.talentric.Test.CreateNewRequisition$CreateRequisition"/>
</testsuite> <!-- TC_04_NewRequisition_Instance_1 -->
