<?xml version="1.0" encoding="UTF-8"?>
<!-- Generated by org.testng.reporters.JUnitXMLReporter -->
<testsuite hostname="Sipl-70" ignored="1" name="TC_01_Login_Instance_1" tests="1" failures="0" timestamp="02 Apr 2019 11:52:18 GMT" time="51.68" errors="0">
  <testcase name="TC_002" time="49.582" classname="com.talentric.Test.TalentricLogin$Login_Request"/>
  <testcase name="TC_001" time="0.0" classname="com.talentric.Test.TalentricLogin$Login_Request">
    <ignored/>
  </testcase> <!-- TC_001 -->
</testsuite> <!-- TC_01_Login_Instance_1 -->
