<?xml version="1.0" encoding="UTF-8"?>
<!-- Generated by org.testng.reporters.JUnitXMLReporter -->
<testsuite hostname="Sipl-70" ignored="0" name="TC_05_NewRequisition_Instance_1" tests="5" failures="0" timestamp="02 Apr 2019 12:05:47 GMT" time="500.319" errors="0">
  <testcase name="TC_004" time="111.097" classname="com.talentric.Test.CreateNewRequisition$CreateRequisition"/>
  <testcase name="TC_008" time="84.386" classname="com.talentric.Test.CreateNewRequisition$CreateRequisition"/>
  <testcase name="TC_009" time="88.925" classname="com.talentric.Test.CreateNewRequisition$CreateRequisition"/>
  <testcase name="TC_010" time="117.444" classname="com.talentric.Test.CreateNewRequisition$CreateRequisition"/>
  <testcase name="TC_011" time="98.403" classname="com.talentric.Test.CreateNewRequisition$CreateRequisition"/>
</testsuite> <!-- TC_05_NewRequisition_Instance_1 -->
