<?xml version="1.0" encoding="UTF-8"?>
<!-- Generated by org.testng.reporters.JUnitXMLReporter -->
<testsuite hostname="Sipl-70" ignored="4" name="TC_11_NewRequisition_Instance_1" tests="1" failures="0" timestamp="15 Mar 2019 11:32:46 GMT" time="101.538" errors="0">
  <testcase name="TC_011" time="101.376" classname="com.talentric.Test.CreateNewRequisition$CreateRequisition"/>
  <testcase name="TC_004" time="0.0" classname="com.talentric.Test.CreateNewRequisition$CreateRequisition">
    <ignored/>
  </testcase> <!-- TC_004 -->
  <testcase name="TC_009" time="0.0" classname="com.talentric.Test.CreateNewRequisition$CreateRequisition">
    <ignored/>
  </testcase> <!-- TC_009 -->
  <testcase name="TC_008" time="0.0" classname="com.talentric.Test.CreateNewRequisition$CreateRequisition">
    <ignored/>
  </testcase> <!-- TC_008 -->
  <testcase name="TC_010" time="0.0" classname="com.talentric.Test.CreateNewRequisition$CreateRequisition">
    <ignored/>
  </testcase> <!-- TC_010 -->
</testsuite> <!-- TC_11_NewRequisition_Instance_1 -->
