<?xml version="1.0" encoding="UTF-8"?>
<!-- Generated by org.testng.reporters.JUnitXMLReporter -->
<testsuite hostname="Sipl-70" ignored="3" name="TC_10_NewRequisition_Instance_1" tests="2" failures="0" timestamp="15 Mar 2019 10:57:56 GMT" time="135.831" errors="0">
  <testcase name="TC_010" time="88.954" classname="com.talentric.Test.CreateNewRequisition$CreateRequisition"/>
  <testcase name="TC_011" time="46.509" classname="com.talentric.Test.CreateNewRequisition$CreateRequisition"/>
  <testcase name="TC_004" time="0.0" classname="com.talentric.Test.CreateNewRequisition$CreateRequisition">
    <ignored/>
  </testcase> <!-- TC_004 -->
  <testcase name="TC_009" time="0.0" classname="com.talentric.Test.CreateNewRequisition$CreateRequisition">
    <ignored/>
  </testcase> <!-- TC_009 -->
  <testcase name="TC_008" time="0.0" classname="com.talentric.Test.CreateNewRequisition$CreateRequisition">
    <ignored/>
  </testcase> <!-- TC_008 -->
</testsuite> <!-- TC_10_NewRequisition_Instance_1 -->
